////////////////////////////////////////////////////////////////////////////////
///////////////////InstallShield Media Library Report Summary///////////////////
////////////////////////////////////////////////////////////////////////////////

Media Name      : Default
Report Filename : C:\Documents and Settings\Randy\My Documents\Randy's Folder\ProSaver\Install\ProSaver Screensaver Manager\Media\Default\Report Files\1-21-2011 4.32.09PM.rpt
Date            : 01/21/2011
Time            : 4:32PM

Number of Components:                1 
Number of File Groups:               1 
Number of Files:                    18 
Total Size of Files:         2,031,296 (bytes)

==========
COMPONENTS
==========


     Program Files


////////////////////////////////////////////////////////////////////////////////
/////////////////////////////////Report Details/////////////////////////////////
////////////////////////////////////////////////////////////////////////////////


================================================================================
                           COMPONENT: "Program Files"
================================================================================

SUMMARY:
    Total Files:               18 (files for this component only)
    Source Bytes:       2,031,296 (files for this component only)


                     **** File Group: "Program Files" ****


<Directory>: C:\Documents and Settings\Randy\My Documents\Randy's Folder\ProSaver\Versions\Current\Full

    Filename                    Date        Time      Size         Version      
    --------------------------  ----------  --------  -----------  -------------
    file_id.diz                 01/20/2011  00:08:38          427               
    license.txt                 01/20/2011  00:18:14        5,527               
    pad_file.xml                01/20/2011  00:38:37       12,397               
    prosaver.chm                01/20/2011  00:01:05    1,015,011               
    ProSaver.exe                01/21/2011  16:26:49      745,472  1.0.3.0      
    readme.txt                  01/20/2011  00:22:59       15,772               
    SvrHook.dll                 09/23/2006  15:20:33       28,672               
    --------------------------  ----------  --------  -----------  -------------
    Count=7                                             1,823,278               


<Directory>: C:\Documents and Settings\Randy\My Documents\Randy's Folder\ProSaver\Versions\Current\Full\Audio

    Filename                    Date        Time      Size         Version      
    --------------------------  ----------  --------  -----------  -------------
    Adventure.mid               09/05/2006  09:38:56       17,746               
    Alien World.mid             09/05/2006  09:40:12       16,795               
    Canon in D.mid              09/05/2006  09:43:18        9,394               
    Caveman Drums.mid           09/05/2006  09:43:42        7,805               
    Creepy.mid                  09/05/2006  09:44:16        6,386               
    Epic Battle.mid             09/05/2006  09:44:48       36,051               
    Fur Elise.mid               09/05/2006  09:45:08        8,264               
    Lost and Alone.mid          09/05/2006  09:45:50       17,095               
    Mysterious.mid              09/05/2006  09:46:18       46,304               
    Space Battle.mid            09/05/2006  09:46:38       30,785               
    Spooky.mid                  09/05/2006  09:47:02       11,393               
    --------------------------  ----------  --------  -----------  -------------
    Count=11                                              208,018               
